{
  "0 debug pnpm:scope": {
    "selected": 1
  },
  "1 debug pnpm:package-manifest": {
    "initial": {
      "name": "kojs3-front",
      "version": "1.0.0",
      "description": "",
      "main": "index.js",
      "scripts": {
        "test": "echo \"Error: no test specified\" && exit 1"
      },
      "author": "Tatsuto Yamamoto",
      "license": "MIT",
      "dependencies": {}
    },
    "prefix": "/home/laminne/project/works/inpl/kojs3-front"
  },
  "2 debug pnpm:context": {
    "currentLockfileExists": false,
    "storeDir": "/home/laminne/.pnpm-store/v3",
    "virtualStoreDir": "/home/laminne/project/works/inpl/kojs3-front/node_modules/.pnpm"
  },
  "3 debug pnpm:stage": {
    "prefix": "/home/laminne/project/works/inpl/kojs3-front",
    "stage": "resolution_started"
  },
  "4 debug pnpm:_dependency_resolved": {
    "resolution": "registry.npmjs.org/markdown-it-katex/2.0.3",
    "wanted": {
      "dependentId": ".",
      "name": "markdown-it-katex",
      "rawSpec": "latest"
    }
  },
  "5 debug pnpm:progress": {
    "packageId": "registry.npmjs.org/markdown-it-katex/2.0.3",
    "requester": "/home/laminne/project/works/inpl/kojs3-front",
    "status": "resolved"
  },
  "6 debug pnpm:fetching-progress": {
    "attempt": 1,
    "packageId": "registry.npmjs.org/markdown-it-katex/2.0.3",
    "size": 7588,
    "status": "started"
  },
  "7 debug pnpm:progress": {
    "packageId": "registry.npmjs.org/markdown-it-katex/2.0.3",
    "requester": "/home/laminne/project/works/inpl/kojs3-front",
    "status": "fetched"
  },
  "8 error pnpm": {
    "code": "ERR_PNPM_FETCH_404",
    "hint": "@types/markdown-it-katex is not in the npm registry, or you have no permission to fetch it.\n\nNo authorization header was set for the request.",
    "request": {
      "url": "https://registry.npmjs.org/@types%2Fmarkdown-it-katex"
    },
    "response": {
      "size": 0
    },
    "pkgName": "@types/markdown-it-katex",
    "pkgsStack": [],
    "err": {
      "name": "pnpm",
      "message": "GET https://registry.npmjs.org/@types%2Fmarkdown-it-katex: Not Found - 404",
      "code": "ERR_PNPM_FETCH_404",
      "stack": "pnpm: GET https://registry.npmjs.org/@types%2Fmarkdown-it-katex: Not Found - 404\n    at RetryOperation._fn (/home/laminne/.nvm/versions/node/v16.13.1/pnpm-global/5/node_modules/.pnpm/pnpm@6.25.1/node_modules/pnpm/dist/pnpm.cjs:85453:19)\n    at processTicksAndRejections (node:internal/process/task_queues:96:5)"
    }
  }
}